<?xml version="1.0" encoding="UTF-8"?>
<!-- Generated by org.testng.reporters.JUnitReportReporter -->
<testsuite hostname="Sanjay-Mac-mini" name="applicationComponent.Topfan.IOSAppAc" tests="3" failures="0" timestamp="10 Jun 2016 07:54:50 GMT" time="131.924" errors="0">
  <testcase name="closeApplication" time="0.057" classname="applicationComponent.Topfan.IOSAppAc"/>
  <testcase name="verifyHomePage" time="129.882" classname="applicationComponent.Topfan.IOSAppAc"/>
  <testcase name="openApplication" time="1.985" classname="applicationComponent.Topfan.IOSAppAc"/>
</testsuite> <!-- applicationComponent.Topfan.IOSAppAc -->
