<?xml version="1.0" encoding="UTF-8"?>
<!-- Generated by org.testng.reporters.JUnitReportReporter -->
<testsuite hostname="KT-MAC-31.local" name="applicationComponent.Mahalo.IOSAppAc" tests="2" failures="0" timestamp="3 May 2016 12:30:23 GMT" time="0.004" errors="0">
  <testcase name="openApplication" time="0.004" classname="applicationComponent.Mahalo.IOSAppAc"/>
  <testcase name="closeApplication" time="0.000" classname="applicationComponent.Mahalo.IOSAppAc"/>
</testsuite> <!-- applicationComponent.Mahalo.IOSAppAc -->
