<?xml version="1.0" encoding="UTF-8"?>
<!-- Generated by org.testng.reporters.JUnitReportReporter -->
<testsuite hostname="KT-MAC-31.local" name="applicationComponent.Mahalo.AndroidAppAc" tests="3" failures="0" timestamp="2 May 2016 08:56:25 GMT" time="0.058" errors="0">
  <testcase name="appRegistration" time="0.049" classname="applicationComponent.Mahalo.AndroidAppAc"/>
  <testcase name="closeApplication" time="0.006" classname="applicationComponent.Mahalo.AndroidAppAc"/>
  <testcase name="openApplication" time="0.003" classname="applicationComponent.Mahalo.AndroidAppAc"/>
</testsuite> <!-- applicationComponent.Mahalo.AndroidAppAc -->
