<?xml version="1.0" encoding="UTF-8"?>
<!-- Generated by org.testng.reporters.JUnitReportReporter -->
<testsuite hostname="Sanjay-Mac-mini.local" name="applicationComponent.Eplanner.IOSAppAc" tests="3" failures="0" timestamp="1 Jun 2016 11:38:14 GMT" time="14.838" errors="0">
  <testcase name="addIndependentTask" time="14.824" classname="applicationComponent.Eplanner.IOSAppAc"/>
  <testcase name="closeApplication" time="0.004" classname="applicationComponent.Eplanner.IOSAppAc"/>
  <testcase name="openApplication" time="0.010" classname="applicationComponent.Eplanner.IOSAppAc"/>
</testsuite> <!-- applicationComponent.Eplanner.IOSAppAc -->
